<?xml version="1.0" encoding="UTF-8"?>
<!-- Generated by org.testng.reporters.JUnitReportReporter -->
<testsuite skipped="0" hostname="MININT-3SCBIM0" name="automationDemo.Test1" tests="1" failures="0" timestamp="29 Dec 2017 20:20:59 GMT" time="0.001" errors="0">
  <testcase name="browsertest" time="0.001" classname="automationDemo.Test1"/>
</testsuite> <!-- automationDemo.Test1 -->
