<?xml version="1.0" encoding="UTF-8"?>
<!-- Generated by org.testng.reporters.JUnitReportReporter -->
<testsuite skipped="0" hostname="MININT-3SCBIM0" name="automationDemo.Test2" tests="1" failures="0" timestamp="29 Dec 2017 20:20:59 GMT" time="0.030" errors="0">
  <testcase name="browsertest2" time="0.030" classname="automationDemo.Test2"/>
</testsuite> <!-- automationDemo.Test2 -->
